<?xml version="1.0" encoding="UTF-8"?>
<testng-results ignored="0" total="2" passed="1" failed="1" skipped="0">
  <reporter-output>
  </reporter-output>
  <suite started-at="2023-10-23T20:06:12 IST" name="Suite" finished-at="2023-10-23T20:06:26 IST" duration-ms="13785">
    <groups>
    </groups>
    <test started-at="2023-10-23T20:06:12 IST" name="Test" finished-at="2023-10-23T20:06:26 IST" duration-ms="13785">
      <class name="com.ash.tests.LoginPageTest">
        <test-method is-config="true" signature="initDriver([Ljava.lang.Object;)[pri:0, instance:com.ash.tests.LoginPageTest@56cdfb3b]" started-at="2023-10-23T20:06:13 IST" name="initDriver" finished-at="2023-10-23T20:06:21 IST" duration-ms="7820" status="PASS">
          <params>
            <param index="0">
              <value>
                <![CDATA[[Ljava.lang.Object;@540b0448]]>
              </value>
            </param>
          </params>
          <reporter-output>
          </reporter-output>
        </test-method> <!-- initDriver -->
        <test-method is-config="true" signature="initDriver([Ljava.lang.Object;)[pri:0, instance:com.ash.tests.LoginPageTest@56cdfb3b]" started-at="2023-10-23T20:06:13 IST" name="initDriver" finished-at="2023-10-23T20:06:20 IST" duration-ms="7418" status="PASS">
          <params>
            <param index="0">
              <value>
                <![CDATA[[Ljava.lang.Object;@50a691d3]]>
              </value>
            </param>
          </params>
          <reporter-output>
          </reporter-output>
        </test-method> <!-- initDriver -->
        <test-method signature="login2(java.util.HashMap)[pri:0, instance:com.ash.tests.LoginPageTest@56cdfb3b]" started-at="2023-10-23T20:06:20 IST" name="login2" data-provider="loginpagedata" finished-at="2023-10-23T20:06:22 IST" duration-ms="1914" status="FAIL">
          <params>
            <param index="0">
              <value>
                <![CDATA[{password=admin123, testname=login2, execute=yes, username=Admin}]]>
              </value>
            </param>
          </params>
          <exception class="java.lang.AssertionError">
            <message>
              <![CDATA[expected [true] but found [false]]]>
            </message>
            <full-stacktrace>
              <![CDATA[java.lang.AssertionError: expected [true] but found [false]
at org.testng.Assert.fail(Assert.java:99)
at org.testng.Assert.failNotEquals(Assert.java:1037)
at org.testng.Assert.assertEqualsImpl(Assert.java:140)
at org.testng.Assert.assertEquals(Assert.java:122)
at org.testng.Assert.assertEquals(Assert.java:819)
at org.testng.Assert.assertEquals(Assert.java:829)
at com.ash.tests.LoginPageTest.login2(LoginPageTest.java:29)
at java.base/jdk.internal.reflect.NativeMethodAccessorImpl.invoke0(Native Method)
at java.base/jdk.internal.reflect.NativeMethodAccessorImpl.invoke(NativeMethodAccessorImpl.java:77)
at java.base/jdk.internal.reflect.DelegatingMethodAccessorImpl.invoke(DelegatingMethodAccessorImpl.java:43)
at java.base/java.lang.reflect.Method.invoke(Method.java:568)
at org.testng.internal.MethodInvocationHelper.invokeMethod(MethodInvocationHelper.java:133)
at org.testng.internal.TestInvoker.invokeMethod(TestInvoker.java:598)
at org.testng.internal.TestInvoker.invokeTestMethod(TestInvoker.java:173)
at org.testng.internal.MethodRunner.runInSequence(MethodRunner.java:46)
at org.testng.internal.TestInvoker$MethodInvocationAgent.invoke(TestInvoker.java:824)
at org.testng.internal.TestInvoker.invokeTestMethods(TestInvoker.java:146)
at org.testng.internal.TestMethodWorker.invokeTestMethods(TestMethodWorker.java:146)
at org.testng.internal.TestMethodWorker.run(TestMethodWorker.java:128)
at java.base/java.util.concurrent.ThreadPoolExecutor.runWorker(ThreadPoolExecutor.java:1136)
at java.base/java.util.concurrent.ThreadPoolExecutor$Worker.run(ThreadPoolExecutor.java:635)
at java.base/java.lang.Thread.run(Thread.java:833)
]]>
            </full-stacktrace>
          </exception> <!-- java.lang.AssertionError -->
          <reporter-output>
          </reporter-output>
        </test-method> <!-- login2 -->
        <test-method signature="login(java.util.HashMap)[pri:0, instance:com.ash.tests.LoginPageTest@56cdfb3b]" started-at="2023-10-23T20:06:21 IST" name="login" data-provider="loginpagedata" finished-at="2023-10-23T20:06:26 IST" duration-ms="5110" status="PASS">
          <params>
            <param index="0">
              <value>
                <![CDATA[{password=admin123, testname=login, execute=yes, username=Admin}]]>
              </value>
            </param>
          </params>
          <reporter-output>
          </reporter-output>
        </test-method> <!-- login -->
        <test-method is-config="true" signature="quitDriver()[pri:0, instance:com.ash.tests.LoginPageTest@56cdfb3b]" started-at="2023-10-23T20:06:23 IST" name="quitDriver" finished-at="2023-10-23T20:06:24 IST" duration-ms="213" status="PASS">
          <reporter-output>
          </reporter-output>
        </test-method> <!-- quitDriver -->
        <test-method is-config="true" signature="quitDriver()[pri:0, instance:com.ash.tests.LoginPageTest@56cdfb3b]" started-at="2023-10-23T20:06:26 IST" name="quitDriver" finished-at="2023-10-23T20:06:26 IST" duration-ms="154" status="PASS">
          <reporter-output>
          </reporter-output>
        </test-method> <!-- quitDriver -->
      </class> <!-- com.ash.tests.LoginPageTest -->
    </test> <!-- Test -->
  </suite> <!-- Suite -->
</testng-results>
